This file contains any messages produced by compilers while
running configure, to aid debugging if configure makes a mistake.

It was created by chillispot configure 1.1.0, which was
generated by GNU Autoconf 2.68.  Invocation command line was

  $ ./configure --no-create --no-recursion

## --------- ##
## Platform. ##
## --------- ##

hostname = test
uname -m = x86_64
uname -r = 3.8.0-29-generic
uname -s = Linux
uname -v = #42~precise1-Ubuntu SMP Wed Aug 14 16:19:23 UTC 2013

/usr/bin/uname -p = unknown
/bin/uname -X     = unknown

/bin/arch              = unknown
/usr/bin/arch -k       = unknown
/usr/convex/getsysinfo = unknown
/usr/bin/hostinfo      = unknown
/bin/machine           = unknown
/usr/bin/oslevel       = unknown
/bin/universe          = unknown

PATH: /usr/local/sbin
PATH: /usr/local/bin
PATH: /usr/sbin
PATH: /usr/bin
PATH: /sbin
PATH: /bin
PATH: /usr/bin/X11
PATH: /usr/games


## ----------- ##
## Core tests. ##
## ----------- ##

configure:2695: checking for a BSD-compatible install
configure:2763: result: /usr/bin/install -c
configure:2774: checking whether build environment is sane
configure:2811: result: yes
configure:2873: checking for gawk
configure:2889: found /usr/bin/gawk
configure:2900: result: gawk
configure:2911: checking whether make sets $(MAKE)
configure:2933: result: yes
configure:3164: checking for gcc
configure:3180: found /usr/bin/gcc
configure:3191: result: gcc
configure:3420: checking for C compiler version
configure:3429: gcc --version >&5
gcc (Ubuntu/Linaro 4.6.3-1ubuntu5) 4.6.3
Copyright (C) 2011 Free Software Foundation, Inc.
This is free software; see the source for copying conditions.  There is NO
warranty; not even for MERCHANTABILITY or FITNESS FOR A PARTICULAR PURPOSE.

configure:3440: $? = 0
configure:3429: gcc -v >&5
Using built-in specs.
COLLECT_GCC=gcc
COLLECT_LTO_WRAPPER=/usr/lib/gcc/x86_64-linux-gnu/4.6/lto-wrapper
Target: x86_64-linux-gnu
Configured with: ../src/configure -v --with-pkgversion='Ubuntu/Linaro 4.6.3-1ubuntu5' --with-bugurl=file:///usr/share/doc/gcc-4.6/README.Bugs --enable-languages=c,c++,fortran,objc,obj-c++ --prefix=/usr --program-suffix=-4.6 --enable-shared --enable-linker-build-id --with-system-zlib --libexecdir=/usr/lib --without-included-gettext --enable-threads=posix --with-gxx-include-dir=/usr/include/c++/4.6 --libdir=/usr/lib --enable-nls --with-sysroot=/ --enable-clocale=gnu --enable-libstdcxx-debug --enable-libstdcxx-time=yes --enable-gnu-unique-object --enable-plugin --enable-objc-gc --disable-werror --with-arch-32=i686 --with-tune=generic --enable-checking=release --build=x86_64-linux-gnu --host=x86_64-linux-gnu --target=x86_64-linux-gnu
Thread model: posix
gcc version 4.6.3 (Ubuntu/Linaro 4.6.3-1ubuntu5) 
configure:3440: $? = 0
configure:3429: gcc -V >&5
gcc: error: unrecognized option '-V'
gcc: fatal error: no input files
compilation terminated.
configure:3440: $? = 4
configure:3429: gcc -qversion >&5
gcc: error: unrecognized option '-qversion'
gcc: fatal error: no input files
compilation terminated.
configure:3440: $? = 4
configure:3460: checking whether the C compiler works
configure:3482: gcc    conftest.c  >&5
configure:3486: $? = 0
configure:3534: result: yes
configure:3537: checking for C compiler default output file name
configure:3539: result: a.out
configure:3545: checking for suffix of executables
configure:3552: gcc -o conftest    conftest.c  >&5
configure:3556: $? = 0
configure:3578: result: 
configure:3600: checking whether we are cross compiling
configure:3608: gcc -o conftest    conftest.c  >&5
configure:3612: $? = 0
configure:3619: ./conftest
configure:3623: $? = 0
configure:3638: result: no
configure:3643: checking for suffix of object files
configure:3665: gcc -c   conftest.c >&5
configure:3669: $? = 0
configure:3690: result: o
configure:3694: checking whether we are using the GNU C compiler
configure:3713: gcc -c   conftest.c >&5
configure:3713: $? = 0
configure:3722: result: yes
configure:3731: checking whether gcc accepts -g
configure:3751: gcc -c -g  conftest.c >&5
configure:3751: $? = 0
configure:3792: result: yes
configure:3809: checking for gcc option to accept ISO C89
configure:3873: gcc  -c -g -O2  conftest.c >&5
configure:3873: $? = 0
configure:3886: result: none needed
configure:3917: checking for style of include used by make
configure:3945: result: GNU
configure:3973: checking dependency style of gcc
configure:4063: result: gcc3
configure:4158: checking build system type
configure:4172: result: x86_64-unknown-linux-gnu
configure:4192: checking host system type
configure:4205: result: x86_64-unknown-linux-gnu
configure:4225: checking for a sed that does not truncate output
configure:4279: result: /bin/sed
configure:4282: checking for grep that handles long lines and -e
configure:4340: result: /bin/grep
configure:4345: checking for egrep
configure:4407: result: /bin/grep -E
configure:4423: checking for ld used by gcc
configure:4490: result: /usr/bin/ld
configure:4497: checking if the linker (/usr/bin/ld) is GNU ld
configure:4512: result: yes
configure:4517: checking for /usr/bin/ld option to reload object files
configure:4524: result: -r
configure:4542: checking for BSD-compatible nm
configure:4584: result: /usr/bin/nm -B
configure:4588: checking whether ln -s works
configure:4592: result: yes
configure:4599: checking how to recognise dependent libraries
configure:4771: result: pass_all
configure:4856: gcc -c -g -O2  conftest.c >&5
configure:4859: $? = 0
configure:4957: checking how to run the C preprocessor
configure:4988: gcc -E  conftest.c
configure:4988: $? = 0
configure:5002: gcc -E  conftest.c
conftest.c:11:28: fatal error: ac_nonexistent.h: No such file or directory
compilation terminated.
configure:5002: $? = 1
configure: failed program was:
| /* confdefs.h */
| #define PACKAGE_NAME "chillispot"
| #define PACKAGE_TARNAME "chillispot"
| #define PACKAGE_VERSION "1.1.0"
| #define PACKAGE_STRING "chillispot 1.1.0"
| #define PACKAGE_BUGREPORT "bugs@chillispot.org"
| #define PACKAGE_URL ""
| #define PACKAGE "chillispot"
| #define VERSION "1.1.0"
| /* end confdefs.h.  */
| #include <ac_nonexistent.h>
configure:5027: result: gcc -E
configure:5047: gcc -E  conftest.c
configure:5047: $? = 0
configure:5061: gcc -E  conftest.c
conftest.c:11:28: fatal error: ac_nonexistent.h: No such file or directory
compilation terminated.
configure:5061: $? = 1
configure: failed program was:
| /* confdefs.h */
| #define PACKAGE_NAME "chillispot"
| #define PACKAGE_TARNAME "chillispot"
| #define PACKAGE_VERSION "1.1.0"
| #define PACKAGE_STRING "chillispot 1.1.0"
| #define PACKAGE_BUGREPORT "bugs@chillispot.org"
| #define PACKAGE_URL ""
| #define PACKAGE "chillispot"
| #define VERSION "1.1.0"
| /* end confdefs.h.  */
| #include <ac_nonexistent.h>
configure:5090: checking for ANSI C header files
configure:5110: gcc -c -g -O2  conftest.c >&5
configure:5110: $? = 0
configure:5183: gcc -o conftest -g -O2   conftest.c  >&5
configure:5183: $? = 0
configure:5183: ./conftest
configure:5183: $? = 0
configure:5194: result: yes
configure:5207: checking for sys/types.h
configure:5207: gcc -c -g -O2  conftest.c >&5
configure:5207: $? = 0
configure:5207: result: yes
configure:5207: checking for sys/stat.h
configure:5207: gcc -c -g -O2  conftest.c >&5
configure:5207: $? = 0
configure:5207: result: yes
configure:5207: checking for stdlib.h
configure:5207: gcc -c -g -O2  conftest.c >&5
configure:5207: $? = 0
configure:5207: result: yes
configure:5207: checking for string.h
configure:5207: gcc -c -g -O2  conftest.c >&5
configure:5207: $? = 0
configure:5207: result: yes
configure:5207: checking for memory.h
configure:5207: gcc -c -g -O2  conftest.c >&5
configure:5207: $? = 0
configure:5207: result: yes
configure:5207: checking for strings.h
configure:5207: gcc -c -g -O2  conftest.c >&5
configure:5207: $? = 0
configure:5207: result: yes
configure:5207: checking for inttypes.h
configure:5207: gcc -c -g -O2  conftest.c >&5
configure:5207: $? = 0
configure:5207: result: yes
configure:5207: checking for stdint.h
configure:5207: gcc -c -g -O2  conftest.c >&5
configure:5207: $? = 0
configure:5207: result: yes
configure:5207: checking for unistd.h
configure:5207: gcc -c -g -O2  conftest.c >&5
configure:5207: $? = 0
configure:5207: result: yes
configure:5221: checking dlfcn.h usability
configure:5221: gcc -c -g -O2  conftest.c >&5
configure:5221: $? = 0
configure:5221: result: yes
configure:5221: checking dlfcn.h presence
configure:5221: gcc -E  conftest.c
configure:5221: $? = 0
configure:5221: result: yes
configure:5221: checking for dlfcn.h
configure:5221: result: yes
configure:5289: checking for g++
configure:5305: found /usr/bin/g++
configure:5316: result: g++
configure:5343: checking for C++ compiler version
configure:5352: g++ --version >&5
g++ (Ubuntu/Linaro 4.6.3-1ubuntu5) 4.6.3
Copyright (C) 2011 Free Software Foundation, Inc.
This is free software; see the source for copying conditions.  There is NO
warranty; not even for MERCHANTABILITY or FITNESS FOR A PARTICULAR PURPOSE.

configure:5363: $? = 0
configure:5352: g++ -v >&5
Using built-in specs.
COLLECT_GCC=g++
COLLECT_LTO_WRAPPER=/usr/lib/gcc/x86_64-linux-gnu/4.6/lto-wrapper
Target: x86_64-linux-gnu
Configured with: ../src/configure -v --with-pkgversion='Ubuntu/Linaro 4.6.3-1ubuntu5' --with-bugurl=file:///usr/share/doc/gcc-4.6/README.Bugs --enable-languages=c,c++,fortran,objc,obj-c++ --prefix=/usr --program-suffix=-4.6 --enable-shared --enable-linker-build-id --with-system-zlib --libexecdir=/usr/lib --without-included-gettext --enable-threads=posix --with-gxx-include-dir=/usr/include/c++/4.6 --libdir=/usr/lib --enable-nls --with-sysroot=/ --enable-clocale=gnu --enable-libstdcxx-debug --enable-libstdcxx-time=yes --enable-gnu-unique-object --enable-plugin --enable-objc-gc --disable-werror --with-arch-32=i686 --with-tune=generic --enable-checking=release --build=x86_64-linux-gnu --host=x86_64-linux-gnu --target=x86_64-linux-gnu
Thread model: posix
gcc version 4.6.3 (Ubuntu/Linaro 4.6.3-1ubuntu5) 
configure:5363: $? = 0
configure:5352: g++ -V >&5
g++: error: unrecognized option '-V'
g++: fatal error: no input files
compilation terminated.
configure:5363: $? = 4
configure:5352: g++ -qversion >&5
g++: error: unrecognized option '-qversion'
g++: fatal error: no input files
compilation terminated.
configure:5363: $? = 4
configure:5367: checking whether we are using the GNU C++ compiler
configure:5386: g++ -c   conftest.cpp >&5
configure:5386: $? = 0
configure:5395: result: yes
configure:5404: checking whether g++ accepts -g
configure:5424: g++ -c -g  conftest.cpp >&5
configure:5424: $? = 0
configure:5465: result: yes
configure:5490: checking dependency style of g++
configure:5580: result: gcc3
configure:5607: checking how to run the C++ preprocessor
configure:5634: g++ -E  conftest.cpp
configure:5634: $? = 0
configure:5648: g++ -E  conftest.cpp
conftest.cpp:22:28: fatal error: ac_nonexistent.h: No such file or directory
compilation terminated.
configure:5648: $? = 1
configure: failed program was:
| /* confdefs.h */
| #define PACKAGE_NAME "chillispot"
| #define PACKAGE_TARNAME "chillispot"
| #define PACKAGE_VERSION "1.1.0"
| #define PACKAGE_STRING "chillispot 1.1.0"
| #define PACKAGE_BUGREPORT "bugs@chillispot.org"
| #define PACKAGE_URL ""
| #define PACKAGE "chillispot"
| #define VERSION "1.1.0"
| #define STDC_HEADERS 1
| #define HAVE_SYS_TYPES_H 1
| #define HAVE_SYS_STAT_H 1
| #define HAVE_STDLIB_H 1
| #define HAVE_STRING_H 1
| #define HAVE_MEMORY_H 1
| #define HAVE_STRINGS_H 1
| #define HAVE_INTTYPES_H 1
| #define HAVE_STDINT_H 1
| #define HAVE_UNISTD_H 1
| #define HAVE_DLFCN_H 1
| /* end confdefs.h.  */
| #include <ac_nonexistent.h>
configure:5673: result: g++ -E
configure:5693: g++ -E  conftest.cpp
configure:5693: $? = 0
configure:5707: g++ -E  conftest.cpp
conftest.cpp:22:28: fatal error: ac_nonexistent.h: No such file or directory
compilation terminated.
configure:5707: $? = 1
configure: failed program was:
| /* confdefs.h */
| #define PACKAGE_NAME "chillispot"
| #define PACKAGE_TARNAME "chillispot"
| #define PACKAGE_VERSION "1.1.0"
| #define PACKAGE_STRING "chillispot 1.1.0"
| #define PACKAGE_BUGREPORT "bugs@chillispot.org"
| #define PACKAGE_URL ""
| #define PACKAGE "chillispot"
| #define VERSION "1.1.0"
| #define STDC_HEADERS 1
| #define HAVE_SYS_TYPES_H 1
| #define HAVE_SYS_STAT_H 1
| #define HAVE_STDLIB_H 1
| #define HAVE_STRING_H 1
| #define HAVE_MEMORY_H 1
| #define HAVE_STRINGS_H 1
| #define HAVE_INTTYPES_H 1
| #define HAVE_STDINT_H 1
| #define HAVE_UNISTD_H 1
| #define HAVE_DLFCN_H 1
| /* end confdefs.h.  */
| #include <ac_nonexistent.h>
configure:5791: checking for g77
configure:5821: result: no
configure:5791: checking for xlf
configure:5821: result: no
configure:5791: checking for f77
configure:5821: result: no
configure:5791: checking for frt
configure:5821: result: no
configure:5791: checking for pgf77
configure:5821: result: no
configure:5791: checking for cf77
configure:5821: result: no
configure:5791: checking for fort77
configure:5821: result: no
configure:5791: checking for fl32
configure:5821: result: no
configure:5791: checking for af77
configure:5821: result: no
configure:5791: checking for xlf90
configure:5821: result: no
configure:5791: checking for f90
configure:5821: result: no
configure:5791: checking for pgf90
configure:5821: result: no
configure:5791: checking for pghpf
configure:5821: result: no
configure:5791: checking for epcf90
configure:5821: result: no
configure:5791: checking for gfortran
configure:5821: result: no
configure:5791: checking for g95
configure:5821: result: no
configure:5791: checking for xlf95
configure:5821: result: no
configure:5791: checking for f95
configure:5821: result: no
configure:5791: checking for fort
configure:5821: result: no
configure:5791: checking for ifort
configure:5821: result: no
configure:5791: checking for ifc
configure:5821: result: no
configure:5791: checking for efc
configure:5821: result: no
configure:5791: checking for pgfortran
configure:5821: result: no
configure:5791: checking for pgf95
configure:5821: result: no
configure:5791: checking for lf95
configure:5821: result: no
configure:5791: checking for ftn
configure:5821: result: no
configure:5844: checking for Fortran 77 compiler version
configure:5853:  --version >&5
./configure: line 5855: --version: command not found
configure:5864: $? = 127
configure:5853:  -v >&5
./configure: line 5855: -v: command not found
configure:5864: $? = 127
configure:5853:  -V >&5
./configure: line 5855: -V: command not found
configure:5864: $? = 127
configure:5853:  -qversion >&5
./configure: line 5855: -qversion: command not found
configure:5864: $? = 127
configure:5873: checking whether we are using the GNU Fortran 77 compiler
configure:5886:  -c  conftest.F >&5
./configure: line 2174: -c: command not found
configure:5886: $? = 127
configure: failed program was:
|       program main
| #ifndef __GNUC__
|        choke me
| #endif
| 
|       end
configure:5895: result: no
configure:5901: checking whether  accepts -g
configure:5912:  -c -g conftest.f >&5
./configure: line 2174: -c: command not found
configure:5912: $? = 127
configure: failed program was:
|       program main
| 
|       end
configure:5920: result: no
configure:5954: checking the maximum length of command line arguments
configure:6046: result: 32768
configure:6057: checking command to parse /usr/bin/nm -B output from gcc object
configure:6153: gcc -c -g -O2  conftest.c >&5
configure:6156: $? = 0
configure:6160: /usr/bin/nm -B conftest.o \| sed -n -e 's/^.*[ 	]\([ABCDGIRSTW][ABCDGIRSTW]*\)[ 	][ 	]*\([_A-Za-z][_A-Za-z0-9]*\)$/\1 \2 \2/p' \> conftest.nm
configure:6163: $? = 0
configure:6215: gcc -o conftest -g -O2   conftest.c conftstm.o >&5
configure:6218: $? = 0
configure:6256: result: ok
configure:6260: checking for objdir
configure:6275: result: .libs
configure:6367: checking for ar
configure:6383: found /usr/bin/ar
configure:6394: result: ar
configure:6459: checking for ranlib
configure:6475: found /usr/bin/ranlib
configure:6486: result: ranlib
configure:6551: checking for strip
configure:6567: found /usr/bin/strip
configure:6578: result: strip
configure:6875: checking if gcc static flag  works
configure:6903: result: yes
configure:6921: checking if gcc supports -fno-rtti -fno-exceptions
configure:6939: gcc -c -g -O2  -fno-rtti -fno-exceptions conftest.c >&5
cc1: warning: command line option '-fno-rtti' is valid for C++/ObjC++ but not for C [enabled by default]
configure:6943: $? = 0
configure:6956: result: no
configure:6971: checking for gcc option to produce PIC
configure:7175: result: -fPIC
configure:7183: checking if gcc PIC flag -fPIC works
configure:7201: gcc -c -g -O2  -fPIC -DPIC conftest.c >&5
configure:7205: $? = 0
configure:7218: result: yes
configure:7242: checking if gcc supports -c -o file.o
configure:7263: gcc -c -g -O2  -o out/conftest2.o conftest.c >&5
configure:7267: $? = 0
configure:7289: result: yes
configure:7315: checking whether the gcc linker (/usr/bin/ld -m elf_x86_64) supports shared libraries
configure:8152: result: yes
configure:8178: checking whether -lc should be explicitly linked in
configure:8183: gcc -c -g -O2  conftest.c >&5
configure:8186: $? = 0
configure:8200: gcc -shared conftest.o  -v -Wl,-soname -Wl,conftest -o conftest 2\>\&1 \| grep  -lc  \>/dev/null 2\>\&1
configure:8203: $? = 0
configure:8215: result: no
configure:8223: checking dynamic linker characteristics
configure:8591: gcc -c -g -O2  conftest.c >&5
configure:8594: $? = 0
configure:8786: result: GNU/Linux ld.so
configure:8790: checking how to hardcode library paths into programs
configure:8815: result: immediate
configure:8829: checking whether stripping libraries is possible
configure:8834: result: yes
configure:9346: checking if libtool supports shared libraries
configure:9348: result: yes
configure:9351: checking whether to build shared libraries
configure:9372: result: yes
configure:9375: checking whether to build static libraries
configure:9379: result: yes
configure:9471: creating libtool
configure:10045: checking for ld used by g++
configure:10112: result: /usr/bin/ld -m elf_x86_64
configure:10119: checking if the linker (/usr/bin/ld -m elf_x86_64) is GNU ld
configure:10134: result: yes
configure:10185: checking whether the g++ linker (/usr/bin/ld -m elf_x86_64) supports shared libraries
configure:11014: result: yes
configure:11032: g++ -c -g -O2  conftest.cc >&5
configure:11035: $? = 0
configure:11131: checking for g++ option to produce PIC
configure:11399: result: -fPIC
configure:11407: checking if g++ PIC flag -fPIC works
configure:11425: g++ -c -g -O2  -fPIC -DPIC conftest.cc >&5
configure:11429: $? = 0
configure:11442: result: yes
configure:11466: checking if g++ supports -c -o file.o
configure:11487: g++ -c -g -O2  -o out/conftest2.o conftest.cc >&5
configure:11491: $? = 0
configure:11513: result: yes
configure:11539: checking whether the g++ linker (/usr/bin/ld -m elf_x86_64) supports shared libraries
configure:11564: result: yes
configure:11635: checking dynamic linker characteristics
configure:12003: g++ -c -g -O2  conftest.cc >&5
configure:12006: $? = 0
configure:12198: result: GNU/Linux ld.so
configure:12202: checking how to hardcode library paths into programs
configure:12227: result: immediate
configure:12241: checking whether stripping libraries is possible
configure:12246: result: yes
configure:19039: checking for ANSI C header files
configure:19143: result: yes
configure:19154: checking arpa/inet.h usability
configure:19154: gcc -c -g -O2  conftest.c >&5
configure:19154: $? = 0
configure:19154: result: yes
configure:19154: checking arpa/inet.h presence
configure:19154: gcc -E  conftest.c
configure:19154: $? = 0
configure:19154: result: yes
configure:19154: checking for arpa/inet.h
configure:19154: result: yes
configure:19154: checking fcntl.h usability
configure:19154: gcc -c -g -O2  conftest.c >&5
configure:19154: $? = 0
configure:19154: result: yes
configure:19154: checking fcntl.h presence
configure:19154: gcc -E  conftest.c
configure:19154: $? = 0
configure:19154: result: yes
configure:19154: checking for fcntl.h
configure:19154: result: yes
configure:19154: checking netdb.h usability
configure:19154: gcc -c -g -O2  conftest.c >&5
configure:19154: $? = 0
configure:19154: result: yes
configure:19154: checking netdb.h presence
configure:19154: gcc -E  conftest.c
configure:19154: $? = 0
configure:19154: result: yes
configure:19154: checking for netdb.h
configure:19154: result: yes
configure:19154: checking netinet/in.h usability
configure:19154: gcc -c -g -O2  conftest.c >&5
configure:19154: $? = 0
configure:19154: result: yes
configure:19154: checking netinet/in.h presence
configure:19154: gcc -E  conftest.c
configure:19154: $? = 0
configure:19154: result: yes
configure:19154: checking for netinet/in.h
configure:19154: result: yes
configure:19154: checking for stdint.h
configure:19154: result: yes
configure:19154: checking for stdlib.h
configure:19154: result: yes
configure:19154: checking for string.h
configure:19154: result: yes
configure:19154: checking sys/ioctl.h usability
configure:19154: gcc -c -g -O2  conftest.c >&5
configure:19154: $? = 0
configure:19154: result: yes
configure:19154: checking sys/ioctl.h presence
configure:19154: gcc -E  conftest.c
configure:19154: $? = 0
configure:19154: result: yes
configure:19154: checking for sys/ioctl.h
configure:19154: result: yes
configure:19154: checking sys/socket.h usability
configure:19154: gcc -c -g -O2  conftest.c >&5
configure:19154: $? = 0
configure:19154: result: yes
configure:19154: checking sys/socket.h presence
configure:19154: gcc -E  conftest.c
configure:19154: $? = 0
configure:19154: result: yes
configure:19154: checking for sys/socket.h
configure:19154: result: yes
configure:19154: checking sys/time.h usability
configure:19154: gcc -c -g -O2  conftest.c >&5
configure:19154: $? = 0
configure:19154: result: yes
configure:19154: checking sys/time.h presence
configure:19154: gcc -E  conftest.c
configure:19154: $? = 0
configure:19154: result: yes
configure:19154: checking for sys/time.h
configure:19154: result: yes
configure:19154: checking syslog.h usability
configure:19154: gcc -c -g -O2  conftest.c >&5
configure:19154: $? = 0
configure:19154: result: yes
configure:19154: checking syslog.h presence
configure:19154: gcc -E  conftest.c
configure:19154: $? = 0
configure:19154: result: yes
configure:19154: checking for syslog.h
configure:19154: result: yes
configure:19154: checking for unistd.h
configure:19154: result: yes
configure:19166: checking for an ANSI C-conforming const
configure:19231: gcc -c -g -O2  conftest.c >&5
configure:19231: $? = 0
configure:19238: result: yes
configure:19246: checking for mode_t
configure:19246: gcc -c -g -O2  conftest.c >&5
configure:19246: $? = 0
configure:19246: gcc -c -g -O2  conftest.c >&5
conftest.c: In function 'main':
conftest.c:71:21: error: expected expression before ')' token
configure:19246: $? = 1
configure: failed program was:
| /* confdefs.h */
| #define PACKAGE_NAME "chillispot"
| #define PACKAGE_TARNAME "chillispot"
| #define PACKAGE_VERSION "1.1.0"
| #define PACKAGE_STRING "chillispot 1.1.0"
| #define PACKAGE_BUGREPORT "bugs@chillispot.org"
| #define PACKAGE_URL ""
| #define PACKAGE "chillispot"
| #define VERSION "1.1.0"
| #define STDC_HEADERS 1
| #define HAVE_SYS_TYPES_H 1
| #define HAVE_SYS_STAT_H 1
| #define HAVE_STDLIB_H 1
| #define HAVE_STRING_H 1
| #define HAVE_MEMORY_H 1
| #define HAVE_STRINGS_H 1
| #define HAVE_INTTYPES_H 1
| #define HAVE_STDINT_H 1
| #define HAVE_UNISTD_H 1
| #define HAVE_DLFCN_H 1
| #define STDC_HEADERS 1
| #define HAVE_ARPA_INET_H 1
| #define HAVE_FCNTL_H 1
| #define HAVE_NETDB_H 1
| #define HAVE_NETINET_IN_H 1
| #define HAVE_STDINT_H 1
| #define HAVE_STDLIB_H 1
| #define HAVE_STRING_H 1
| #define HAVE_SYS_IOCTL_H 1
| #define HAVE_SYS_SOCKET_H 1
| #define HAVE_SYS_TIME_H 1
| #define HAVE_SYSLOG_H 1
| #define HAVE_UNISTD_H 1
| /* end confdefs.h.  */
| #include <stdio.h>
| #ifdef HAVE_SYS_TYPES_H
| # include <sys/types.h>
| #endif
| #ifdef HAVE_SYS_STAT_H
| # include <sys/stat.h>
| #endif
| #ifdef STDC_HEADERS
| # include <stdlib.h>
| # include <stddef.h>
| #else
| # ifdef HAVE_STDLIB_H
| #  include <stdlib.h>
| # endif
| #endif
| #ifdef HAVE_STRING_H
| # if !defined STDC_HEADERS && defined HAVE_MEMORY_H
| #  include <memory.h>
| # endif
| # include <string.h>
| #endif
| #ifdef HAVE_STRINGS_H
| # include <strings.h>
| #endif
| #ifdef HAVE_INTTYPES_H
| # include <inttypes.h>
| #endif
| #ifdef HAVE_STDINT_H
| # include <stdint.h>
| #endif
| #ifdef HAVE_UNISTD_H
| # include <unistd.h>
| #endif
| int
| main ()
| {
| if (sizeof ((mode_t)))
| 	    return 0;
|   ;
|   return 0;
| }
configure:19246: result: yes
configure:19257: checking whether time.h and sys/time.h may both be included
configure:19277: gcc -c -g -O2  conftest.c >&5
configure:19277: $? = 0
configure:19284: result: yes
configure:19294: checking for pid_t
configure:19294: gcc -c -g -O2  conftest.c >&5
configure:19294: $? = 0
configure:19294: gcc -c -g -O2  conftest.c >&5
conftest.c: In function 'main':
conftest.c:72:20: error: expected expression before ')' token
configure:19294: $? = 1
configure: failed program was:
| /* confdefs.h */
| #define PACKAGE_NAME "chillispot"
| #define PACKAGE_TARNAME "chillispot"
| #define PACKAGE_VERSION "1.1.0"
| #define PACKAGE_STRING "chillispot 1.1.0"
| #define PACKAGE_BUGREPORT "bugs@chillispot.org"
| #define PACKAGE_URL ""
| #define PACKAGE "chillispot"
| #define VERSION "1.1.0"
| #define STDC_HEADERS 1
| #define HAVE_SYS_TYPES_H 1
| #define HAVE_SYS_STAT_H 1
| #define HAVE_STDLIB_H 1
| #define HAVE_STRING_H 1
| #define HAVE_MEMORY_H 1
| #define HAVE_STRINGS_H 1
| #define HAVE_INTTYPES_H 1
| #define HAVE_STDINT_H 1
| #define HAVE_UNISTD_H 1
| #define HAVE_DLFCN_H 1
| #define STDC_HEADERS 1
| #define HAVE_ARPA_INET_H 1
| #define HAVE_FCNTL_H 1
| #define HAVE_NETDB_H 1
| #define HAVE_NETINET_IN_H 1
| #define HAVE_STDINT_H 1
| #define HAVE_STDLIB_H 1
| #define HAVE_STRING_H 1
| #define HAVE_SYS_IOCTL_H 1
| #define HAVE_SYS_SOCKET_H 1
| #define HAVE_SYS_TIME_H 1
| #define HAVE_SYSLOG_H 1
| #define HAVE_UNISTD_H 1
| #define TIME_WITH_SYS_TIME 1
| /* end confdefs.h.  */
| #include <stdio.h>
| #ifdef HAVE_SYS_TYPES_H
| # include <sys/types.h>
| #endif
| #ifdef HAVE_SYS_STAT_H
| # include <sys/stat.h>
| #endif
| #ifdef STDC_HEADERS
| # include <stdlib.h>
| # include <stddef.h>
| #else
| # ifdef HAVE_STDLIB_H
| #  include <stdlib.h>
| # endif
| #endif
| #ifdef HAVE_STRING_H
| # if !defined STDC_HEADERS && defined HAVE_MEMORY_H
| #  include <memory.h>
| # endif
| # include <string.h>
| #endif
| #ifdef HAVE_STRINGS_H
| # include <strings.h>
| #endif
| #ifdef HAVE_INTTYPES_H
| # include <inttypes.h>
| #endif
| #ifdef HAVE_STDINT_H
| # include <stdint.h>
| #endif
| #ifdef HAVE_UNISTD_H
| # include <unistd.h>
| #endif
| int
| main ()
| {
| if (sizeof ((pid_t)))
| 	    return 0;
|   ;
|   return 0;
| }
configure:19294: result: yes
configure:19307: checking vfork.h usability
configure:19307: gcc -c -g -O2  conftest.c >&5
conftest.c:69:19: fatal error: vfork.h: No such file or directory
compilation terminated.
configure:19307: $? = 1
configure: failed program was:
| /* confdefs.h */
| #define PACKAGE_NAME "chillispot"
| #define PACKAGE_TARNAME "chillispot"
| #define PACKAGE_VERSION "1.1.0"
| #define PACKAGE_STRING "chillispot 1.1.0"
| #define PACKAGE_BUGREPORT "bugs@chillispot.org"
| #define PACKAGE_URL ""
| #define PACKAGE "chillispot"
| #define VERSION "1.1.0"
| #define STDC_HEADERS 1
| #define HAVE_SYS_TYPES_H 1
| #define HAVE_SYS_STAT_H 1
| #define HAVE_STDLIB_H 1
| #define HAVE_STRING_H 1
| #define HAVE_MEMORY_H 1
| #define HAVE_STRINGS_H 1
| #define HAVE_INTTYPES_H 1
| #define HAVE_STDINT_H 1
| #define HAVE_UNISTD_H 1
| #define HAVE_DLFCN_H 1
| #define STDC_HEADERS 1
| #define HAVE_ARPA_INET_H 1
| #define HAVE_FCNTL_H 1
| #define HAVE_NETDB_H 1
| #define HAVE_NETINET_IN_H 1
| #define HAVE_STDINT_H 1
| #define HAVE_STDLIB_H 1
| #define HAVE_STRING_H 1
| #define HAVE_SYS_IOCTL_H 1
| #define HAVE_SYS_SOCKET_H 1
| #define HAVE_SYS_TIME_H 1
| #define HAVE_SYSLOG_H 1
| #define HAVE_UNISTD_H 1
| #define TIME_WITH_SYS_TIME 1
| /* end confdefs.h.  */
| #include <stdio.h>
| #ifdef HAVE_SYS_TYPES_H
| # include <sys/types.h>
| #endif
| #ifdef HAVE_SYS_STAT_H
| # include <sys/stat.h>
| #endif
| #ifdef STDC_HEADERS
| # include <stdlib.h>
| # include <stddef.h>
| #else
| # ifdef HAVE_STDLIB_H
| #  include <stdlib.h>
| # endif
| #endif
| #ifdef HAVE_STRING_H
| # if !defined STDC_HEADERS && defined HAVE_MEMORY_H
| #  include <memory.h>
| # endif
| # include <string.h>
| #endif
| #ifdef HAVE_STRINGS_H
| # include <strings.h>
| #endif
| #ifdef HAVE_INTTYPES_H
| # include <inttypes.h>
| #endif
| #ifdef HAVE_STDINT_H
| # include <stdint.h>
| #endif
| #ifdef HAVE_UNISTD_H
| # include <unistd.h>
| #endif
| #include <vfork.h>
configure:19307: result: no
configure:19307: checking vfork.h presence
configure:19307: gcc -E  conftest.c
conftest.c:36:19: fatal error: vfork.h: No such file or directory
compilation terminated.
configure:19307: $? = 1
configure: failed program was:
| /* confdefs.h */
| #define PACKAGE_NAME "chillispot"
| #define PACKAGE_TARNAME "chillispot"
| #define PACKAGE_VERSION "1.1.0"
| #define PACKAGE_STRING "chillispot 1.1.0"
| #define PACKAGE_BUGREPORT "bugs@chillispot.org"
| #define PACKAGE_URL ""
| #define PACKAGE "chillispot"
| #define VERSION "1.1.0"
| #define STDC_HEADERS 1
| #define HAVE_SYS_TYPES_H 1
| #define HAVE_SYS_STAT_H 1
| #define HAVE_STDLIB_H 1
| #define HAVE_STRING_H 1
| #define HAVE_MEMORY_H 1
| #define HAVE_STRINGS_H 1
| #define HAVE_INTTYPES_H 1
| #define HAVE_STDINT_H 1
| #define HAVE_UNISTD_H 1
| #define HAVE_DLFCN_H 1
| #define STDC_HEADERS 1
| #define HAVE_ARPA_INET_H 1
| #define HAVE_FCNTL_H 1
| #define HAVE_NETDB_H 1
| #define HAVE_NETINET_IN_H 1
| #define HAVE_STDINT_H 1
| #define HAVE_STDLIB_H 1
| #define HAVE_STRING_H 1
| #define HAVE_SYS_IOCTL_H 1
| #define HAVE_SYS_SOCKET_H 1
| #define HAVE_SYS_TIME_H 1
| #define HAVE_SYSLOG_H 1
| #define HAVE_UNISTD_H 1
| #define TIME_WITH_SYS_TIME 1
| /* end confdefs.h.  */
| #include <vfork.h>
configure:19307: result: no
configure:19307: checking for vfork.h
configure:19307: result: no
configure:19320: checking for fork
configure:19320: gcc -o conftest -g -O2   conftest.c  >&5
conftest.c:59:6: warning: conflicting types for built-in function 'fork' [enabled by default]
configure:19320: $? = 0
configure:19320: result: yes
configure:19320: checking for vfork
configure:19320: gcc -o conftest -g -O2   conftest.c  >&5
configure:19320: $? = 0
configure:19320: result: yes
configure:19330: checking for working fork
configure:19352: gcc -o conftest -g -O2   conftest.c  >&5
configure:19352: $? = 0
configure:19352: ./conftest
configure:19352: $? = 0
configure:19362: result: yes
configure:19383: checking for working vfork
configure:19493: result: yes
configure:19519: checking whether gcc needs -traditional
configure:19553: result: no
configure:19562: checking for stdlib.h
configure:19562: result: yes
configure:19572: checking for GNU libc compatible malloc
configure:19596: gcc -o conftest -g -O2   conftest.c  >&5
configure:19596: $? = 0
configure:19596: ./conftest
configure:19596: $? = 0
configure:19606: result: yes
configure:19627: checking for working memcmp
configure:19670: gcc -o conftest -g -O2   conftest.c  >&5
configure:19670: $? = 0
configure:19670: ./conftest
configure:19670: $? = 0
configure:19680: result: yes
configure:19692: checking sys/select.h usability
configure:19692: gcc -c -g -O2  conftest.c >&5
configure:19692: $? = 0
configure:19692: result: yes
configure:19692: checking sys/select.h presence
configure:19692: gcc -E  conftest.c
configure:19692: $? = 0
configure:19692: result: yes
configure:19692: checking for sys/select.h
configure:19692: result: yes
configure:19692: checking for sys/socket.h
configure:19692: result: yes
configure:19702: checking types of arguments for select
configure:19730: gcc -c -g -O2  conftest.c >&5
configure:19730: $? = 0
configure:19741: result: int,fd_set *,struct timeval *
configure:19767: checking for gethostbyname
configure:19767: gcc -o conftest -g -O2   conftest.c  >&5
configure:19767: $? = 0
configure:19767: result: yes
configure:19767: checking for gettimeofday
configure:19767: gcc -o conftest -g -O2   conftest.c  >&5
configure:19767: $? = 0
configure:19767: result: yes
configure:19767: checking for inet_ntoa
configure:19767: gcc -o conftest -g -O2   conftest.c  >&5
configure:19767: $? = 0
configure:19767: result: yes
configure:19767: checking for memset
configure:19767: gcc -o conftest -g -O2   conftest.c  >&5
conftest.c:73:6: warning: conflicting types for built-in function 'memset' [enabled by default]
configure:19767: $? = 0
configure:19767: result: yes
configure:19767: checking for select
configure:19767: gcc -o conftest -g -O2   conftest.c  >&5
configure:19767: $? = 0
configure:19767: result: yes
configure:19767: checking for socket
configure:19767: gcc -o conftest -g -O2   conftest.c  >&5
configure:19767: $? = 0
configure:19767: result: yes
configure:19767: checking for strdup
configure:19767: gcc -o conftest -g -O2   conftest.c  >&5
conftest.c:76:6: warning: conflicting types for built-in function 'strdup' [enabled by default]
configure:19767: $? = 0
configure:19767: result: yes
configure:19767: checking for strerror
configure:19767: gcc -o conftest -g -O2   conftest.c  >&5
configure:19767: $? = 0
configure:19767: result: yes
configure:19767: checking for strstr
configure:19767: gcc -o conftest -g -O2   conftest.c  >&5
conftest.c:78:6: warning: conflicting types for built-in function 'strstr' [enabled by default]
configure:19767: $? = 0
configure:19767: result: yes
configure:19767: checking for strtol
configure:19767: gcc -o conftest -g -O2   conftest.c  >&5
configure:19767: $? = 0
configure:19767: result: yes
configure:19905: creating ./config.status

## ---------------- ##
## Cache variables. ##
## ---------------- ##

ac_cv_build=x86_64-unknown-linux-gnu
ac_cv_c_compiler_gnu=yes
ac_cv_c_const=yes
ac_cv_cxx_compiler_gnu=yes
ac_cv_env_CCC_set=
ac_cv_env_CCC_value=
ac_cv_env_CC_set=
ac_cv_env_CC_value=
ac_cv_env_CFLAGS_set=
ac_cv_env_CFLAGS_value=
ac_cv_env_CPPFLAGS_set=
ac_cv_env_CPPFLAGS_value=
ac_cv_env_CPP_set=
ac_cv_env_CPP_value=
ac_cv_env_CXXCPP_set=
ac_cv_env_CXXCPP_value=
ac_cv_env_CXXFLAGS_set=
ac_cv_env_CXXFLAGS_value=
ac_cv_env_CXX_set=
ac_cv_env_CXX_value=
ac_cv_env_F77_set=
ac_cv_env_F77_value=
ac_cv_env_FFLAGS_set=
ac_cv_env_FFLAGS_value=
ac_cv_env_LDFLAGS_set=
ac_cv_env_LDFLAGS_value=
ac_cv_env_LIBS_set=
ac_cv_env_LIBS_value=
ac_cv_env_build_alias_set=
ac_cv_env_build_alias_value=
ac_cv_env_host_alias_set=
ac_cv_env_host_alias_value=
ac_cv_env_target_alias_set=
ac_cv_env_target_alias_value=
ac_cv_f77_compiler_gnu=no
ac_cv_func_fork=yes
ac_cv_func_fork_works=yes
ac_cv_func_gethostbyname=yes
ac_cv_func_gettimeofday=yes
ac_cv_func_inet_ntoa=yes
ac_cv_func_malloc_0_nonnull=yes
ac_cv_func_memcmp_working=yes
ac_cv_func_memset=yes
ac_cv_func_select=yes
ac_cv_func_select_args='int,fd_set *,struct timeval *'
ac_cv_func_socket=yes
ac_cv_func_strdup=yes
ac_cv_func_strerror=yes
ac_cv_func_strstr=yes
ac_cv_func_strtol=yes
ac_cv_func_vfork=yes
ac_cv_func_vfork_works=yes
ac_cv_header_arpa_inet_h=yes
ac_cv_header_dlfcn_h=yes
ac_cv_header_fcntl_h=yes
ac_cv_header_inttypes_h=yes
ac_cv_header_memory_h=yes
ac_cv_header_netdb_h=yes
ac_cv_header_netinet_in_h=yes
ac_cv_header_stdc=yes
ac_cv_header_stdint_h=yes
ac_cv_header_stdlib_h=yes
ac_cv_header_string_h=yes
ac_cv_header_strings_h=yes
ac_cv_header_sys_ioctl_h=yes
ac_cv_header_sys_select_h=yes
ac_cv_header_sys_socket_h=yes
ac_cv_header_sys_stat_h=yes
ac_cv_header_sys_time_h=yes
ac_cv_header_sys_types_h=yes
ac_cv_header_syslog_h=yes
ac_cv_header_time=yes
ac_cv_header_unistd_h=yes
ac_cv_header_vfork_h=no
ac_cv_host=x86_64-unknown-linux-gnu
ac_cv_objext=o
ac_cv_path_EGREP='/bin/grep -E'
ac_cv_path_GREP=/bin/grep
ac_cv_path_install='/usr/bin/install -c'
ac_cv_prog_AWK=gawk
ac_cv_prog_CPP='gcc -E'
ac_cv_prog_CXXCPP='g++ -E'
ac_cv_prog_ac_ct_AR=ar
ac_cv_prog_ac_ct_CC=gcc
ac_cv_prog_ac_ct_CXX=g++
ac_cv_prog_ac_ct_RANLIB=ranlib
ac_cv_prog_ac_ct_STRIP=strip
ac_cv_prog_cc_c89=
ac_cv_prog_cc_g=yes
ac_cv_prog_cxx_g=yes
ac_cv_prog_f77_g=no
ac_cv_prog_gcc_traditional=no
ac_cv_prog_make_make_set=yes
ac_cv_type_mode_t=yes
ac_cv_type_pid_t=yes
am_cv_CC_dependencies_compiler_type=gcc3
am_cv_CXX_dependencies_compiler_type=gcc3
lt_cv_deplibs_check_method=pass_all
lt_cv_file_magic_cmd='$MAGIC_CMD'
lt_cv_file_magic_test_file=
lt_cv_ld_reload_flag=-r
lt_cv_objdir=.libs
lt_cv_path_LD=/usr/bin/ld
lt_cv_path_LDCXX='/usr/bin/ld -m elf_x86_64'
lt_cv_path_NM='/usr/bin/nm -B'
lt_cv_path_SED=/bin/sed
lt_cv_prog_compiler_c_o=yes
lt_cv_prog_compiler_c_o_CXX=yes
lt_cv_prog_compiler_rtti_exceptions=no
lt_cv_prog_gnu_ld=yes
lt_cv_prog_gnu_ldcxx=yes
lt_cv_sys_global_symbol_pipe='sed -n -e '\''s/^.*[ 	]\([ABCDGIRSTW][ABCDGIRSTW]*\)[ 	][ 	]*\([_A-Za-z][_A-Za-z0-9]*\)$/\1 \2 \2/p'\'''
lt_cv_sys_global_symbol_to_c_name_address='sed -n -e '\''s/^: \([^ ]*\) $/  {\"\1\", (lt_ptr) 0},/p'\'' -e '\''s/^[BCDEGRST] \([^ ]*\) \([^ ]*\)$/  {"\2", (lt_ptr) \&\2},/p'\'''
lt_cv_sys_global_symbol_to_cdecl='sed -n -e '\''s/^. .* \(.*\)$/extern int \1;/p'\'''
lt_cv_sys_max_cmd_len=32768
lt_lt_cv_prog_compiler_c_o='"yes"'
lt_lt_cv_prog_compiler_c_o_CXX='"yes"'
lt_lt_cv_sys_global_symbol_pipe='"sed -n -e '\''s/^.*[ 	]\\([ABCDGIRSTW][ABCDGIRSTW]*\\)[ 	][ 	]*\\([_A-Za-z][_A-Za-z0-9]*\\)\$/\\1 \\2 \\2/p'\''"'
lt_lt_cv_sys_global_symbol_to_c_name_address='"sed -n -e '\''s/^: \\([^ ]*\\) \$/  {\\\"\\1\\\", (lt_ptr) 0},/p'\'' -e '\''s/^[BCDEGRST] \\([^ ]*\\) \\([^ ]*\\)\$/  {\"\\2\", (lt_ptr) \\&\\2},/p'\''"'
lt_lt_cv_sys_global_symbol_to_cdecl='"sed -n -e '\''s/^. .* \\(.*\\)\$/extern int \\1;/p'\''"'

## ----------------- ##
## Output variables. ##
## ----------------- ##

ACLOCAL='${SHELL} /home/grandrew/other/chillispot-1.1.0/missing --run aclocal-1.9'
AMDEPBACKSLASH='\'
AMDEP_FALSE='#'
AMDEP_TRUE=''
AMTAR='${SHELL} /home/grandrew/other/chillispot-1.1.0/missing --run tar'
AR='ar'
AUTOCONF='${SHELL} /home/grandrew/other/chillispot-1.1.0/missing --run autoconf'
AUTOHEADER='${SHELL} /home/grandrew/other/chillispot-1.1.0/missing --run autoheader'
AUTOMAKE='${SHELL} /home/grandrew/other/chillispot-1.1.0/missing --run automake-1.9'
AWK='gawk'
CC='gcc'
CCDEPMODE='depmode=gcc3'
CFLAGS='-g -O2'
CPP='gcc -E'
CPPFLAGS=''
CXX='g++'
CXXCPP='g++ -E'
CXXDEPMODE='depmode=gcc3'
CXXFLAGS='-g -O2'
CYGPATH_W='echo'
DEFS='-DHAVE_CONFIG_H'
DEPDIR='.deps'
ECHO='echo'
ECHO_C=''
ECHO_N='-n'
ECHO_T=''
EGREP='/bin/grep -E'
EXEEXT=''
F77=''
FFLAGS=''
GREP='/bin/grep'
INSTALL_DATA='${INSTALL} -m 644'
INSTALL_PROGRAM='${INSTALL}'
INSTALL_SCRIPT='${INSTALL}'
INSTALL_STRIP_PROGRAM='${SHELL} $(install_sh) -c -s'
LDFLAGS=''
LIBOBJS=''
LIBS=''
LIBTOOL='$(SHELL) $(top_builddir)/libtool'
LN_S='ln -s'
LTLIBOBJS=''
MAKEINFO='${SHELL} /home/grandrew/other/chillispot-1.1.0/missing --run makeinfo'
OBJEXT='o'
PACKAGE='chillispot'
PACKAGE_BUGREPORT='bugs@chillispot.org'
PACKAGE_NAME='chillispot'
PACKAGE_STRING='chillispot 1.1.0'
PACKAGE_TARNAME='chillispot'
PACKAGE_URL=''
PACKAGE_VERSION='1.1.0'
PATH_SEPARATOR=':'
RANLIB='ranlib'
SET_MAKE=''
SHELL='/bin/bash'
STRIP='strip'
VERSION='1.1.0'
ac_ct_CC='gcc'
ac_ct_CXX='g++'
ac_ct_F77=''
am__fastdepCC_FALSE='#'
am__fastdepCC_TRUE=''
am__fastdepCXX_FALSE='#'
am__fastdepCXX_TRUE=''
am__include='include'
am__leading_dot='.'
am__quote=''
am__tar='${AMTAR} chof - "$$tardir"'
am__untar='${AMTAR} xf -'
bindir='${exec_prefix}/bin'
build='x86_64-unknown-linux-gnu'
build_alias=''
build_cpu='x86_64'
build_os='linux-gnu'
build_vendor='unknown'
datadir='${datarootdir}'
datarootdir='${prefix}/share'
docdir='${datarootdir}/doc/${PACKAGE_TARNAME}'
dvidir='${docdir}'
exec_prefix='${prefix}'
host='x86_64-unknown-linux-gnu'
host_alias=''
host_cpu='x86_64'
host_os='linux-gnu'
host_vendor='unknown'
htmldir='${docdir}'
includedir='${prefix}/include'
infodir='${datarootdir}/info'
install_sh='/home/grandrew/other/chillispot-1.1.0/install-sh'
libdir='${exec_prefix}/lib'
libexecdir='${exec_prefix}/libexec'
localedir='${datarootdir}/locale'
localstatedir='${prefix}/var'
mandir='${datarootdir}/man'
mkdir_p='mkdir -p --'
oldincludedir='/usr/include'
pdfdir='${docdir}'
prefix='/usr/local'
program_transform_name='s,x,x,'
psdir='${docdir}'
sbindir='${exec_prefix}/sbin'
sharedstatedir='${prefix}/com'
sysconfdir='${prefix}/etc'
target_alias=''

## ----------- ##
## confdefs.h. ##
## ----------- ##

/* confdefs.h */
#define PACKAGE_NAME "chillispot"
#define PACKAGE_TARNAME "chillispot"
#define PACKAGE_VERSION "1.1.0"
#define PACKAGE_STRING "chillispot 1.1.0"
#define PACKAGE_BUGREPORT "bugs@chillispot.org"
#define PACKAGE_URL ""
#define PACKAGE "chillispot"
#define VERSION "1.1.0"
#define STDC_HEADERS 1
#define HAVE_SYS_TYPES_H 1
#define HAVE_SYS_STAT_H 1
#define HAVE_STDLIB_H 1
#define HAVE_STRING_H 1
#define HAVE_MEMORY_H 1
#define HAVE_STRINGS_H 1
#define HAVE_INTTYPES_H 1
#define HAVE_STDINT_H 1
#define HAVE_UNISTD_H 1
#define HAVE_DLFCN_H 1
#define STDC_HEADERS 1
#define HAVE_ARPA_INET_H 1
#define HAVE_FCNTL_H 1
#define HAVE_NETDB_H 1
#define HAVE_NETINET_IN_H 1
#define HAVE_STDINT_H 1
#define HAVE_STDLIB_H 1
#define HAVE_STRING_H 1
#define HAVE_SYS_IOCTL_H 1
#define HAVE_SYS_SOCKET_H 1
#define HAVE_SYS_TIME_H 1
#define HAVE_SYSLOG_H 1
#define HAVE_UNISTD_H 1
#define TIME_WITH_SYS_TIME 1
#define HAVE_FORK 1
#define HAVE_VFORK 1
#define HAVE_WORKING_VFORK 1
#define HAVE_WORKING_FORK 1
#define HAVE_STDLIB_H 1
#define HAVE_MALLOC 1
#define HAVE_SYS_SELECT_H 1
#define HAVE_SYS_SOCKET_H 1
#define SELECT_TYPE_ARG1 int
#define SELECT_TYPE_ARG234 (fd_set *)
#define SELECT_TYPE_ARG5 (struct timeval *)
#define HAVE_GETHOSTBYNAME 1
#define HAVE_GETTIMEOFDAY 1
#define HAVE_INET_NTOA 1
#define HAVE_MEMSET 1
#define HAVE_SELECT 1
#define HAVE_SOCKET 1
#define HAVE_STRDUP 1
#define HAVE_STRERROR 1
#define HAVE_STRSTR 1
#define HAVE_STRTOL 1

configure: exit 0

## ---------------------- ##
## Running config.status. ##
## ---------------------- ##

This file was extended by chillispot config.status 1.1.0, which was
generated by GNU Autoconf 2.68.  Invocation command line was

  CONFIG_FILES    = 
  CONFIG_HEADERS  = 
  CONFIG_LINKS    = 
  CONFIG_COMMANDS = 
  $ ./config.status 

on test

config.status:916: creating Makefile
config.status:1019: WARNING:  'Makefile.in' seems to ignore the --datarootdir setting
config.status:916: creating doc/Makefile
config.status:1019: WARNING:  'doc/Makefile.in' seems to ignore the --datarootdir setting
config.status:916: creating src/Makefile
config.status:916: creating chillispot.spec
config.status:916: creating config.h
config.status:1091: config.h is unchanged
config.status:1138: executing depfiles commands
